Added Pin To Net: NetName=GND Pin=U7-A3
Added Pin To Net: NetName=GND Pin=U7-A4
Added Pin To Net: NetName=GND Pin=U7-B3
Added Pin To Net: NetName=GND Pin=U7-B4
Added Pin To Net: NetName=GND Pin=U7-B5
Added Pin To Net: NetName=GND Pin=U7-B6
Added Pin To Net: NetName=GND Pin=U7-C3
Added Pin To Net: NetName=GND Pin=U7-C4
Added Pin To Net: NetName=GND Pin=U7-C5
Added Pin To Net: NetName=GND Pin=U7-C6
Added Pin To Net: NetName=GND Pin=U7-D3
Added Pin To Net: NetName=GND Pin=U7-D4
Added Pin To Net: NetName=GND Pin=U7-D5
Added Pin To Net: NetName=GND Pin=U7-E3
Added Pin To Net: NetName=GND Pin=U7-E4
Added Pin To Net: NetName=GND Pin=U7-E5
Added Pin To Net: NetName=GND Pin=U7-F1
Added Pin To Net: NetName=GND Pin=U7-F2
Added Pin To Net: NetName=GND Pin=U7-F5
Added Pin To Net: NetName=GND Pin=U7-F6
Added Pin To Net: NetName=GND Pin=U7-F7
Added Pin To Net: NetName=GND Pin=U7-G3
Added Pin To Net: NetName=GND Pin=U7-G4
Added Pin To Net: NetName=GND Pin=U7-G5
Added Pin To Net: NetName=GND Pin=U7-H3
Added Pin To Net: NetName=GND Pin=U7-H4
Added Pin To Net: NetName=GND Pin=U7-H5
Added Pin To Net: NetName=GND Pin=U7-J3
Added Pin To Net: NetName=GND Pin=U7-J4
Added Pin To Net: NetName=GND Pin=U7-J5
Added Pin To Net: NetName=GND Pin=U7-J6
Added Pin To Net: NetName=GND Pin=U7-K3
Added Pin To Net: NetName=GND Pin=U7-K4
Added Pin To Net: NetName=GND Pin=U7-K5
Added Pin To Net: NetName=GND Pin=U7-K6
Added Pin To Net: NetName=GND Pin=U7-L3
Added Pin To Net: NetName=GND Pin=U7-L4
